2023-04-24 03:00:20,033 INFO com.logi.Telegram.Bot.Application [main] Starting Application using Java 11.0.18 on RadjabovSalman with PID 9180 (C:\IDEA\IdeaProjects\Telegram.Bot\target\classes started by 77051 in C:\IDEA\IdeaProjects\Telegram.Bot)
2023-04-24 03:00:20,036 INFO com.logi.Telegram.Bot.Application [main] No active profile set, falling back to 1 default profile: "default"
2023-04-24 03:00:37,558 INFO com.logi.Telegram.Bot.Application [main] Started Application in 18.101 seconds (JVM running for 19.027)
2023-04-24 03:05:55,286 INFO com.logi.Telegram.Bot.service.TelegramBot [BingoSupBot Telegram Executor] Replied user: Velazquez
2023-04-24 03:08:05,424 INFO com.logi.Telegram.Bot.Application [main] Starting Application using Java 11.0.18 on RadjabovSalman with PID 11668 (C:\IDEA\IdeaProjects\Telegram.Bot\target\classes started by 77051 in C:\IDEA\IdeaProjects\Telegram.Bot)
2023-04-24 03:08:05,429 INFO com.logi.Telegram.Bot.Application [main] No active profile set, falling back to 1 default profile: "default"
2023-04-24 03:08:10,944 INFO com.logi.Telegram.Bot.Application [main] Started Application in 6.031 seconds (JVM running for 6.961)
2023-04-24 03:08:20,330 INFO com.logi.Telegram.Bot.service.TelegramBot [BingoSupBot Telegram Executor] Replied user: VelazquezText message: Привет, дорогой Velazquez Как твои дела?
2023-04-24 03:10:52,653 INFO com.logi.Telegram.Bot.Application [main] Starting Application using Java 11.0.18 on RadjabovSalman with PID 10860 (C:\IDEA\IdeaProjects\Telegram.Bot\target\classes started by 77051 in C:\IDEA\IdeaProjects\Telegram.Bot)
2023-04-24 03:10:52,656 INFO com.logi.Telegram.Bot.Application [main] No active profile set, falling back to 1 default profile: "default"
2023-04-24 03:10:59,614 INFO com.logi.Telegram.Bot.Application [main] Started Application in 7.546 seconds (JVM running for 8.366)
2023-04-24 03:11:17,167 ERROR com.logi.Telegram.Bot.service.TelegramBot [BingoSupBot Telegram Executor] Replied user: Velazquez Text message: Привет, дорогой Velazquez Как твои дела?
2023-04-24 03:11:39,993 ERROR com.logi.Telegram.Bot.service.TelegramBot [BingoSupBot Telegram Executor] Replied user: Velazquez Text message: Привет, дорогой Velazquez Как твои дела?
2023-04-24 03:14:15,288 INFO com.logi.Telegram.Bot.Application [main] Starting Application using Java 11.0.18 on RadjabovSalman with PID 6840 (C:\IDEA\IdeaProjects\Telegram.Bot\target\classes started by 77051 in C:\IDEA\IdeaProjects\Telegram.Bot)
2023-04-24 03:14:15,291 INFO com.logi.Telegram.Bot.Application [main] No active profile set, falling back to 1 default profile: "default"
2023-04-24 03:14:21,752 INFO com.logi.Telegram.Bot.Application [main] Started Application in 7.007 seconds (JVM running for 7.821)
2023-04-24 03:14:38,776 INFO com.logi.Telegram.Bot.service.TelegramBot [BingoSupBot Telegram Executor] RepliedUser: Velazquez TextMessage: Раздел меню доступен ниже
2023-04-24 03:15:24,525 INFO com.logi.Telegram.Bot.Application [main] Starting Application using Java 11.0.18 on RadjabovSalman with PID 2732 (C:\IDEA\IdeaProjects\Telegram.Bot\target\classes started by 77051 in C:\IDEA\IdeaProjects\Telegram.Bot)
2023-04-24 03:15:24,528 INFO com.logi.Telegram.Bot.Application [main] No active profile set, falling back to 1 default profile: "default"
2023-04-24 03:15:29,585 INFO com.logi.Telegram.Bot.Application [main] Started Application in 5.559 seconds (JVM running for 6.34)
2023-04-24 03:15:37,953 INFO com.logi.Telegram.Bot.service.TelegramBot [BingoSupBot Telegram Executor] RepliedUser: Velazquez/// TextMessage: Раздел меню доступен ниже
